

Started GET "/" for ::1 at 2015-09-15 12:13:10 -0400

ActiveRecord::NoDatabaseError (FATAL:  database "sample-project-proposal-master_development" does not exist
):
  activerecord (4.2.3) lib/active_record/connection_adapters/postgresql_adapter.rb:665:in `rescue in connect'
  activerecord (4.2.3) lib/active_record/connection_adapters/postgresql_adapter.rb:655:in `connect'
  activerecord (4.2.3) lib/active_record/connection_adapters/postgresql_adapter.rb:242:in `initialize'
  activerecord (4.2.3) lib/active_record/connection_adapters/postgresql_adapter.rb:44:in `new'
  activerecord (4.2.3) lib/active_record/connection_adapters/postgresql_adapter.rb:44:in `postgresql_connection'
  activerecord (4.2.3) lib/active_record/connection_adapters/abstract/connection_pool.rb:438:in `new_connection'
  activerecord (4.2.3) lib/active_record/connection_adapters/abstract/connection_pool.rb:448:in `checkout_new_connection'
  activerecord (4.2.3) lib/active_record/connection_adapters/abstract/connection_pool.rb:422:in `acquire_connection'
  activerecord (4.2.3) lib/active_record/connection_adapters/abstract/connection_pool.rb:349:in `block in checkout'
  /usr/local/var/rbenv/versions/2.1.2/lib/ruby/2.1.0/monitor.rb:211:in `mon_synchronize'
  activerecord (4.2.3) lib/active_record/connection_adapters/abstract/connection_pool.rb:348:in `checkout'
  activerecord (4.2.3) lib/active_record/connection_adapters/abstract/connection_pool.rb:263:in `block in connection'
  /usr/local/var/rbenv/versions/2.1.2/lib/ruby/2.1.0/monitor.rb:211:in `mon_synchronize'
  activerecord (4.2.3) lib/active_record/connection_adapters/abstract/connection_pool.rb:262:in `connection'
  activerecord (4.2.3) lib/active_record/connection_adapters/abstract/connection_pool.rb:571:in `retrieve_connection'
  activerecord (4.2.3) lib/active_record/connection_handling.rb:113:in `retrieve_connection'
  activerecord (4.2.3) lib/active_record/connection_handling.rb:87:in `connection'
  activerecord (4.2.3) lib/active_record/migration.rb:383:in `connection'
  activerecord (4.2.3) lib/active_record/migration.rb:370:in `call'
  actionpack (4.2.3) lib/action_dispatch/middleware/callbacks.rb:29:in `block in call'
  activesupport (4.2.3) lib/active_support/callbacks.rb:84:in `run_callbacks'
  actionpack (4.2.3) lib/action_dispatch/middleware/callbacks.rb:27:in `call'
  actionpack (4.2.3) lib/action_dispatch/middleware/reloader.rb:73:in `call'
  actionpack (4.2.3) lib/action_dispatch/middleware/remote_ip.rb:78:in `call'
  actionpack (4.2.3) lib/action_dispatch/middleware/debug_exceptions.rb:17:in `call'
  web-console (2.2.1) lib/web_console/middleware.rb:39:in `call'
  actionpack (4.2.3) lib/action_dispatch/middleware/show_exceptions.rb:30:in `call'
  railties (4.2.3) lib/rails/rack/logger.rb:38:in `call_app'
  railties (4.2.3) lib/rails/rack/logger.rb:20:in `block in call'
  activesupport (4.2.3) lib/active_support/tagged_logging.rb:68:in `block in tagged'
  activesupport (4.2.3) lib/active_support/tagged_logging.rb:26:in `tagged'
  activesupport (4.2.3) lib/active_support/tagged_logging.rb:68:in `tagged'
  railties (4.2.3) lib/rails/rack/logger.rb:20:in `call'
  actionpack (4.2.3) lib/action_dispatch/middleware/request_id.rb:21:in `call'
  rack (1.6.4) lib/rack/methodoverride.rb:22:in `call'
  rack (1.6.4) lib/rack/runtime.rb:18:in `call'
  activesupport (4.2.3) lib/active_support/cache/strategy/local_cache_middleware.rb:28:in `call'
  rack (1.6.4) lib/rack/lock.rb:17:in `call'
  actionpack (4.2.3) lib/action_dispatch/middleware/static.rb:116:in `call'
  rack (1.6.4) lib/rack/sendfile.rb:113:in `call'
  railties (4.2.3) lib/rails/engine.rb:518:in `call'
  railties (4.2.3) lib/rails/application.rb:165:in `call'
  rack (1.6.4) lib/rack/lock.rb:17:in `call'
  rack (1.6.4) lib/rack/content_length.rb:15:in `call'
  rack (1.6.4) lib/rack/handler/webrick.rb:88:in `service'
  /usr/local/var/rbenv/versions/2.1.2/lib/ruby/2.1.0/webrick/httpserver.rb:138:in `service'
  /usr/local/var/rbenv/versions/2.1.2/lib/ruby/2.1.0/webrick/httpserver.rb:94:in `run'
  /usr/local/var/rbenv/versions/2.1.2/lib/ruby/2.1.0/webrick/server.rb:295:in `block in start_thread'


  Rendered /usr/local/var/rbenv/versions/2.1.2/lib/ruby/gems/2.1.0/gems/actionpack-4.2.3/lib/action_dispatch/middleware/templates/rescues/_source.erb (3.8ms)
  Rendered /usr/local/var/rbenv/versions/2.1.2/lib/ruby/gems/2.1.0/gems/actionpack-4.2.3/lib/action_dispatch/middleware/templates/rescues/_trace.html.erb (1.8ms)
  Rendered /usr/local/var/rbenv/versions/2.1.2/lib/ruby/gems/2.1.0/gems/actionpack-4.2.3/lib/action_dispatch/middleware/templates/rescues/_request_and_response.html.erb (0.9ms)
  Rendered /usr/local/var/rbenv/versions/2.1.2/lib/ruby/gems/2.1.0/gems/actionpack-4.2.3/lib/action_dispatch/middleware/templates/rescues/diagnostics.html.erb within rescues/layout (25.1ms)
  Rendered /usr/local/var/rbenv/versions/2.1.2/lib/ruby/gems/2.1.0/gems/web-console-2.2.1/lib/web_console/templates/_markup.html.erb (0.4ms)
  Rendered /usr/local/var/rbenv/versions/2.1.2/lib/ruby/gems/2.1.0/gems/web-console-2.2.1/lib/web_console/templates/_inner_console_markup.html.erb within layouts/inlined_string (0.7ms)
  Rendered /usr/local/var/rbenv/versions/2.1.2/lib/ruby/gems/2.1.0/gems/web-console-2.2.1/lib/web_console/templates/_prompt_box_markup.html.erb within layouts/inlined_string (0.3ms)
  Rendered /usr/local/var/rbenv/versions/2.1.2/lib/ruby/gems/2.1.0/gems/web-console-2.2.1/lib/web_console/templates/style.css.erb within layouts/inlined_string (0.5ms)
  Rendered /usr/local/var/rbenv/versions/2.1.2/lib/ruby/gems/2.1.0/gems/web-console-2.2.1/lib/web_console/templates/console.js.erb within layouts/javascript (30.5ms)
  Rendered /usr/local/var/rbenv/versions/2.1.2/lib/ruby/gems/2.1.0/gems/web-console-2.2.1/lib/web_console/templates/main.js.erb within layouts/javascript (0.4ms)
  Rendered /usr/local/var/rbenv/versions/2.1.2/lib/ruby/gems/2.1.0/gems/web-console-2.2.1/lib/web_console/templates/error_page.js.erb within layouts/javascript (0.4ms)
  Rendered /usr/local/var/rbenv/versions/2.1.2/lib/ruby/gems/2.1.0/gems/web-console-2.2.1/lib/web_console/templates/index.html.erb (58.5ms)
  [1m[36m (92.2ms)[0m  [1mCREATE TABLE "schema_migrations" ("version" character varying NOT NULL) [0m
  [1m[35m (5.7ms)[0m  CREATE UNIQUE INDEX  "unique_schema_migrations" ON "schema_migrations"  ("version")
  [1m[36mActiveRecord::SchemaMigration Load (0.7ms)[0m  [1mSELECT "schema_migrations".* FROM "schema_migrations"[0m
  [1m[36mSQL (0.5ms)[0m  [1mCREATE EXTENSION IF NOT EXISTS "plpgsql"[0m
  [1m[35m (0.7ms)[0m  SELECT version FROM "schema_migrations"
  [1m[36m (1.0ms)[0m  [1mINSERT INTO "schema_migrations" (version) VALUES ('0')[0m
  [1m[35mSQL (0.4ms)[0m  CREATE EXTENSION IF NOT EXISTS "plpgsql"
  [1m[36m (4.9ms)[0m  [1mCREATE TABLE "schema_migrations" ("version" character varying NOT NULL) [0m
  [1m[35m (1.5ms)[0m  CREATE UNIQUE INDEX  "unique_schema_migrations" ON "schema_migrations"  ("version")
  [1m[36m (0.4ms)[0m  [1mSELECT version FROM "schema_migrations"[0m
  [1m[35m (0.6ms)[0m  INSERT INTO "schema_migrations" (version) VALUES ('0')
  [1m[36mActiveRecord::SchemaMigration Load (0.4ms)[0m  [1mSELECT "schema_migrations".* FROM "schema_migrations"[0m


Started GET "/" for ::1 at 2015-09-15 12:13:44 -0400
Processing by Rails::WelcomeController#index as HTML
  Rendered /usr/local/var/rbenv/versions/2.1.2/lib/ruby/gems/2.1.0/gems/railties-4.2.3/lib/rails/templates/rails/welcome/index.html.erb (1.3ms)
Completed 200 OK in 38ms (Views: 15.4ms | ActiveRecord: 0.0ms)
  [1m[36mActiveRecord::SchemaMigration Load (0.8ms)[0m  [1mSELECT "schema_migrations".* FROM "schema_migrations"[0m
Migrating to CreateUsers (20150915185034)
  [1m[35m (0.2ms)[0m  BEGIN
  [1m[36m (132.0ms)[0m  [1mCREATE TABLE "users" ("id" serial primary key, "email" character varying NOT NULL, "password_digest" character varying NOT NULL, "session_token" character varying NOT NULL, "created_at" timestamp NOT NULL, "updated_at" timestamp NOT NULL) [0m
  [1m[35m (1.3ms)[0m  CREATE UNIQUE INDEX  "index_users_on_email" ON "users"  ("email")
  [1m[36m (1.0ms)[0m  [1mCREATE UNIQUE INDEX  "index_users_on_session_token" ON "users"  ("session_token")[0m
  [1m[35mSQL (0.4ms)[0m  INSERT INTO "schema_migrations" ("version") VALUES ($1)  [["version", "20150915185034"]]
  [1m[36m (18.7ms)[0m  [1mCOMMIT[0m
  [1m[35mActiveRecord::SchemaMigration Load (0.3ms)[0m  SELECT "schema_migrations".* FROM "schema_migrations"
  [1m[36m (6.6ms)[0m  [1mSELECT t2.oid::regclass::text AS to_table, a1.attname AS column, a2.attname AS primary_key, c.conname AS name, c.confupdtype AS on_update, c.confdeltype AS on_delete
FROM pg_constraint c
JOIN pg_class t1 ON c.conrelid = t1.oid
JOIN pg_class t2 ON c.confrelid = t2.oid
JOIN pg_attribute a1 ON a1.attnum = c.conkey[1] AND a1.attrelid = t1.oid
JOIN pg_attribute a2 ON a2.attnum = c.confkey[1] AND a2.attrelid = t2.oid
JOIN pg_namespace t3 ON c.connamespace = t3.oid
WHERE c.contype = 'f'
  AND t1.relname = 'users'
  AND t3.nspname = ANY (current_schemas(false))
ORDER BY c.conname
[0m
  [1m[36mUser Load (0.9ms)[0m  [1mSELECT "users".* FROM "users"[0m


Started GET "/" for ::1 at 2015-09-15 15:13:58 -0400
  [1m[36mActiveRecord::SchemaMigration Load (0.7ms)[0m  [1mSELECT "schema_migrations".* FROM "schema_migrations"[0m
Processing by SessionsController#new as HTML
  Rendered sessions/new.html.erb within layouts/application (2.4ms)
  [1m[35mUser Load (0.8ms)[0m  SELECT  "users".* FROM "users" WHERE "users"."session_token" IS NULL LIMIT 1
  Rendered layouts/_errors.html.erb (0.7ms)
Completed 200 OK in 1412ms (Views: 1408.4ms | ActiveRecord: 2.3ms)


Started GET "/assets/users.self-e3b0c44298fc1c149afbf4c8996fb92427ae41e4649b934ca495991b7852b855.css?body=1" for ::1 at 2015-09-15 15:14:00 -0400


Started GET "/assets/sessions.self-e3b0c44298fc1c149afbf4c8996fb92427ae41e4649b934ca495991b7852b855.css?body=1" for ::1 at 2015-09-15 15:14:00 -0400


Started GET "/assets/application.self-e80e8f2318043e8af94dddc2adad5a4f09739a8ebb323b3ab31cd71d45fd9113.css?body=1" for ::1 at 2015-09-15 15:14:00 -0400


Started GET "/assets/jquery_ujs.self-d456baa54c1fa6be2ec3711f0a72ddf7a5b2f34a6b4f515f33767d6207b7d4b3.js?body=1" for ::1 at 2015-09-15 15:14:00 -0400


Started GET "/assets/jquery.self-a714331225dda820228db323939889f149aec0127aeb06255646b616ba1ca419.js?body=1" for ::1 at 2015-09-15 15:14:00 -0400


Started GET "/assets/turbolinks.self-c37727e9bd6b2735da5c311aa83fead54ed0be6cc8bd9a65309e9c5abe2cbfff.js?body=1" for ::1 at 2015-09-15 15:14:00 -0400


Started GET "/assets/sessions.self-877aef30ae1b040ab8a3aba4e3e309a11d7f2612f44dde450b5c157aa5f95c05.js?body=1" for ::1 at 2015-09-15 15:14:00 -0400


Started GET "/assets/users.self-877aef30ae1b040ab8a3aba4e3e309a11d7f2612f44dde450b5c157aa5f95c05.js?body=1" for ::1 at 2015-09-15 15:14:00 -0400


Started GET "/assets/application.self-3b8dabdc891efe46b9a144b400ad69e37d7e5876bdc39dee783419a69d7ca819.js?body=1" for ::1 at 2015-09-15 15:14:00 -0400


Started GET "/users/new" for ::1 at 2015-09-15 15:14:03 -0400
Processing by UsersController#new as HTML
Completed 500 Internal Server Error in 9ms (ActiveRecord: 3.0ms)

NoMethodError (undefined method `stssion_token' for #<User:0x007f932ee1af50>):
  app/models/user.rb:41:in `ensure_session_token'
  app/controllers/users_controller.rb:3:in `new'


  Rendered /usr/local/var/rbenv/versions/2.1.2/lib/ruby/gems/2.1.0/gems/actionpack-4.2.3/lib/action_dispatch/middleware/templates/rescues/_source.erb (6.2ms)
  Rendered /usr/local/var/rbenv/versions/2.1.2/lib/ruby/gems/2.1.0/gems/actionpack-4.2.3/lib/action_dispatch/middleware/templates/rescues/_trace.html.erb (2.6ms)
  Rendered /usr/local/var/rbenv/versions/2.1.2/lib/ruby/gems/2.1.0/gems/actionpack-4.2.3/lib/action_dispatch/middleware/templates/rescues/_request_and_response.html.erb (0.9ms)
  Rendered /usr/local/var/rbenv/versions/2.1.2/lib/ruby/gems/2.1.0/gems/actionpack-4.2.3/lib/action_dispatch/middleware/templates/rescues/diagnostics.html.erb within rescues/layout (29.3ms)
  Rendered /usr/local/var/rbenv/versions/2.1.2/lib/ruby/gems/2.1.0/gems/web-console-2.2.1/lib/web_console/templates/_markup.html.erb (0.3ms)
  Rendered /usr/local/var/rbenv/versions/2.1.2/lib/ruby/gems/2.1.0/gems/web-console-2.2.1/lib/web_console/templates/_inner_console_markup.html.erb within layouts/inlined_string (0.7ms)
  Rendered /usr/local/var/rbenv/versions/2.1.2/lib/ruby/gems/2.1.0/gems/web-console-2.2.1/lib/web_console/templates/_prompt_box_markup.html.erb within layouts/inlined_string (0.5ms)
  Rendered /usr/local/var/rbenv/versions/2.1.2/lib/ruby/gems/2.1.0/gems/web-console-2.2.1/lib/web_console/templates/style.css.erb within layouts/inlined_string (0.6ms)
  Rendered /usr/local/var/rbenv/versions/2.1.2/lib/ruby/gems/2.1.0/gems/web-console-2.2.1/lib/web_console/templates/console.js.erb within layouts/javascript (35.2ms)
  Rendered /usr/local/var/rbenv/versions/2.1.2/lib/ruby/gems/2.1.0/gems/web-console-2.2.1/lib/web_console/templates/main.js.erb within layouts/javascript (0.3ms)
  Rendered /usr/local/var/rbenv/versions/2.1.2/lib/ruby/gems/2.1.0/gems/web-console-2.2.1/lib/web_console/templates/error_page.js.erb within layouts/javascript (0.6ms)
  Rendered /usr/local/var/rbenv/versions/2.1.2/lib/ruby/gems/2.1.0/gems/web-console-2.2.1/lib/web_console/templates/index.html.erb (58.0ms)


Started GET "/users/new" for ::1 at 2015-09-15 15:14:03 -0400
Processing by UsersController#new as HTML
Completed 500 Internal Server Error in 2ms (ActiveRecord: 0.0ms)

NoMethodError (undefined method `stssion_token' for #<User:0x007f932f508c18>):
  app/models/user.rb:41:in `ensure_session_token'
  app/controllers/users_controller.rb:3:in `new'


  Rendered /usr/local/var/rbenv/versions/2.1.2/lib/ruby/gems/2.1.0/gems/actionpack-4.2.3/lib/action_dispatch/middleware/templates/rescues/_source.erb (5.1ms)
  Rendered /usr/local/var/rbenv/versions/2.1.2/lib/ruby/gems/2.1.0/gems/actionpack-4.2.3/lib/action_dispatch/middleware/templates/rescues/_trace.html.erb (2.3ms)
  Rendered /usr/local/var/rbenv/versions/2.1.2/lib/ruby/gems/2.1.0/gems/actionpack-4.2.3/lib/action_dispatch/middleware/templates/rescues/_request_and_response.html.erb (0.9ms)
  Rendered /usr/local/var/rbenv/versions/2.1.2/lib/ruby/gems/2.1.0/gems/actionpack-4.2.3/lib/action_dispatch/middleware/templates/rescues/diagnostics.html.erb within rescues/layout (20.0ms)
  Rendered /usr/local/var/rbenv/versions/2.1.2/lib/ruby/gems/2.1.0/gems/web-console-2.2.1/lib/web_console/templates/_markup.html.erb (0.3ms)
  Rendered /usr/local/var/rbenv/versions/2.1.2/lib/ruby/gems/2.1.0/gems/web-console-2.2.1/lib/web_console/templates/_inner_console_markup.html.erb within layouts/inlined_string (0.3ms)
  Rendered /usr/local/var/rbenv/versions/2.1.2/lib/ruby/gems/2.1.0/gems/web-console-2.2.1/lib/web_console/templates/_prompt_box_markup.html.erb within layouts/inlined_string (0.3ms)
  Rendered /usr/local/var/rbenv/versions/2.1.2/lib/ruby/gems/2.1.0/gems/web-console-2.2.1/lib/web_console/templates/style.css.erb within layouts/inlined_string (0.4ms)
  Rendered /usr/local/var/rbenv/versions/2.1.2/lib/ruby/gems/2.1.0/gems/web-console-2.2.1/lib/web_console/templates/console.js.erb within layouts/javascript (14.4ms)
  Rendered /usr/local/var/rbenv/versions/2.1.2/lib/ruby/gems/2.1.0/gems/web-console-2.2.1/lib/web_console/templates/main.js.erb within layouts/javascript (0.2ms)
  Rendered /usr/local/var/rbenv/versions/2.1.2/lib/ruby/gems/2.1.0/gems/web-console-2.2.1/lib/web_console/templates/error_page.js.erb within layouts/javascript (0.3ms)
  Rendered /usr/local/var/rbenv/versions/2.1.2/lib/ruby/gems/2.1.0/gems/web-console-2.2.1/lib/web_console/templates/index.html.erb (30.3ms)


Started GET "/users/new" for ::1 at 2015-09-15 15:14:34 -0400
Processing by UsersController#new as HTML
  [1m[36mUser Load (0.5ms)[0m  [1mSELECT  "users".* FROM "users" WHERE "users"."session_token" = $1 LIMIT 1[0m  [["session_token", "nZ-1lm84nhLEUSE5zFypOw"]]
  Rendered users/new.html.erb within layouts/application (0.7ms)
  [1m[35mUser Load (0.4ms)[0m  SELECT  "users".* FROM "users" WHERE "users"."session_token" IS NULL LIMIT 1
  Rendered layouts/_errors.html.erb (0.4ms)
Completed 200 OK in 109ms (Views: 34.5ms | ActiveRecord: 3.8ms)


Started GET "/users/new" for ::1 at 2015-09-15 15:16:47 -0400
Processing by UsersController#new as HTML
  [1m[36mUser Load (0.3ms)[0m  [1mSELECT  "users".* FROM "users" WHERE "users"."session_token" = $1 LIMIT 1[0m  [["session_token", "UxMN6lgld52cWr0_Sl_3kw"]]
  Rendered users/new.html.erb within layouts/application (0.6ms)
  [1m[35mUser Load (0.4ms)[0m  SELECT  "users".* FROM "users" WHERE "users"."session_token" IS NULL LIMIT 1
  Rendered layouts/_errors.html.erb (0.1ms)
Completed 200 OK in 49ms (Views: 37.8ms | ActiveRecord: 3.4ms)


Started GET "/assets/users.self-e3b0c44298fc1c149afbf4c8996fb92427ae41e4649b934ca495991b7852b855.css?body=1" for ::1 at 2015-09-15 15:16:47 -0400


Started GET "/assets/sessions.self-e3b0c44298fc1c149afbf4c8996fb92427ae41e4649b934ca495991b7852b855.css?body=1" for ::1 at 2015-09-15 15:16:47 -0400


Started GET "/assets/application.self-e80e8f2318043e8af94dddc2adad5a4f09739a8ebb323b3ab31cd71d45fd9113.css?body=1" for ::1 at 2015-09-15 15:16:47 -0400


Started GET "/assets/turbolinks.self-c37727e9bd6b2735da5c311aa83fead54ed0be6cc8bd9a65309e9c5abe2cbfff.js?body=1" for ::1 at 2015-09-15 15:16:47 -0400


Started GET "/assets/jquery.self-a714331225dda820228db323939889f149aec0127aeb06255646b616ba1ca419.js?body=1" for ::1 at 2015-09-15 15:16:47 -0400


Started GET "/assets/jquery_ujs.self-d456baa54c1fa6be2ec3711f0a72ddf7a5b2f34a6b4f515f33767d6207b7d4b3.js?body=1" for ::1 at 2015-09-15 15:16:47 -0400


Started GET "/assets/sessions.self-877aef30ae1b040ab8a3aba4e3e309a11d7f2612f44dde450b5c157aa5f95c05.js?body=1" for ::1 at 2015-09-15 15:16:47 -0400


Started GET "/assets/users.self-877aef30ae1b040ab8a3aba4e3e309a11d7f2612f44dde450b5c157aa5f95c05.js?body=1" for ::1 at 2015-09-15 15:16:47 -0400


Started GET "/assets/application.self-3b8dabdc891efe46b9a144b400ad69e37d7e5876bdc39dee783419a69d7ca819.js?body=1" for ::1 at 2015-09-15 15:16:47 -0400


Started POST "/users" for ::1 at 2015-09-15 15:17:00 -0400
Processing by UsersController#create as HTML
  Parameters: {"authenticity_token"=>"ZClbZkjO/l2v7va/wsdKWyrUrCy8CzafQoHUlDSm1dPFeb47peagBlih5f+8iw1qYyA5x6No78UJXrU5WC2z1Q==", "user"=>{"email"=>"arthur@aa.io", "password"=>"[FILTERED]"}}
Completed 500 Internal Server Error in 3ms (ActiveRecord: 0.0ms)

NameError (uninitialized constant User::BCrypt):
  app/models/user.rb:24:in `password='
  app/controllers/users_controller.rb:7:in `create'


  Rendered /usr/local/var/rbenv/versions/2.1.2/lib/ruby/gems/2.1.0/gems/actionpack-4.2.3/lib/action_dispatch/middleware/templates/rescues/_source.erb (5.3ms)
  Rendered /usr/local/var/rbenv/versions/2.1.2/lib/ruby/gems/2.1.0/gems/actionpack-4.2.3/lib/action_dispatch/middleware/templates/rescues/_trace.html.erb (2.1ms)
  Rendered /usr/local/var/rbenv/versions/2.1.2/lib/ruby/gems/2.1.0/gems/actionpack-4.2.3/lib/action_dispatch/middleware/templates/rescues/_request_and_response.html.erb (0.9ms)
  Rendered /usr/local/var/rbenv/versions/2.1.2/lib/ruby/gems/2.1.0/gems/actionpack-4.2.3/lib/action_dispatch/middleware/templates/rescues/diagnostics.html.erb within rescues/layout (21.0ms)
  Rendered /usr/local/var/rbenv/versions/2.1.2/lib/ruby/gems/2.1.0/gems/web-console-2.2.1/lib/web_console/templates/_markup.html.erb (0.4ms)
  Rendered /usr/local/var/rbenv/versions/2.1.2/lib/ruby/gems/2.1.0/gems/web-console-2.2.1/lib/web_console/templates/_inner_console_markup.html.erb within layouts/inlined_string (0.2ms)
  Rendered /usr/local/var/rbenv/versions/2.1.2/lib/ruby/gems/2.1.0/gems/web-console-2.2.1/lib/web_console/templates/_prompt_box_markup.html.erb within layouts/inlined_string (0.3ms)
  Rendered /usr/local/var/rbenv/versions/2.1.2/lib/ruby/gems/2.1.0/gems/web-console-2.2.1/lib/web_console/templates/style.css.erb within layouts/inlined_string (0.5ms)
  Rendered /usr/local/var/rbenv/versions/2.1.2/lib/ruby/gems/2.1.0/gems/web-console-2.2.1/lib/web_console/templates/console.js.erb within layouts/javascript (14.7ms)
  Rendered /usr/local/var/rbenv/versions/2.1.2/lib/ruby/gems/2.1.0/gems/web-console-2.2.1/lib/web_console/templates/main.js.erb within layouts/javascript (0.2ms)
  Rendered /usr/local/var/rbenv/versions/2.1.2/lib/ruby/gems/2.1.0/gems/web-console-2.2.1/lib/web_console/templates/error_page.js.erb within layouts/javascript (0.3ms)
  Rendered /usr/local/var/rbenv/versions/2.1.2/lib/ruby/gems/2.1.0/gems/web-console-2.2.1/lib/web_console/templates/index.html.erb (32.8ms)


Started GET "/users/new" for ::1 at 2015-09-15 15:18:40 -0400
Processing by UsersController#new as HTML
  [1m[36mUser Load (0.5ms)[0m  [1mSELECT  "users".* FROM "users" WHERE "users"."session_token" = $1 LIMIT 1[0m  [["session_token", "3csetcXsk9-rasr5YYfy6Q"]]
  Rendered users/new.html.erb within layouts/application (0.3ms)
  [1m[35mUser Load (0.4ms)[0m  SELECT  "users".* FROM "users" WHERE "users"."session_token" IS NULL LIMIT 1
  Rendered layouts/_errors.html.erb (0.1ms)
Completed 200 OK in 39ms (Views: 37.1ms | ActiveRecord: 0.9ms)


Started GET "/assets/users.self-e3b0c44298fc1c149afbf4c8996fb92427ae41e4649b934ca495991b7852b855.css?body=1" for ::1 at 2015-09-15 15:18:40 -0400


Started GET "/assets/sessions.self-e3b0c44298fc1c149afbf4c8996fb92427ae41e4649b934ca495991b7852b855.css?body=1" for ::1 at 2015-09-15 15:18:40 -0400


Started GET "/assets/application.self-e80e8f2318043e8af94dddc2adad5a4f09739a8ebb323b3ab31cd71d45fd9113.css?body=1" for ::1 at 2015-09-15 15:18:40 -0400


Started GET "/assets/jquery.self-a714331225dda820228db323939889f149aec0127aeb06255646b616ba1ca419.js?body=1" for ::1 at 2015-09-15 15:18:40 -0400


Started GET "/assets/jquery_ujs.self-d456baa54c1fa6be2ec3711f0a72ddf7a5b2f34a6b4f515f33767d6207b7d4b3.js?body=1" for ::1 at 2015-09-15 15:18:40 -0400


Started GET "/assets/turbolinks.self-c37727e9bd6b2735da5c311aa83fead54ed0be6cc8bd9a65309e9c5abe2cbfff.js?body=1" for ::1 at 2015-09-15 15:18:40 -0400


Started GET "/assets/sessions.self-877aef30ae1b040ab8a3aba4e3e309a11d7f2612f44dde450b5c157aa5f95c05.js?body=1" for ::1 at 2015-09-15 15:18:40 -0400


Started GET "/assets/users.self-877aef30ae1b040ab8a3aba4e3e309a11d7f2612f44dde450b5c157aa5f95c05.js?body=1" for ::1 at 2015-09-15 15:18:40 -0400


Started GET "/assets/application.self-3b8dabdc891efe46b9a144b400ad69e37d7e5876bdc39dee783419a69d7ca819.js?body=1" for ::1 at 2015-09-15 15:18:40 -0400


Started POST "/users" for ::1 at 2015-09-15 15:18:46 -0400
Processing by UsersController#create as HTML
  Parameters: {"authenticity_token"=>"wfEJVNa7hqrDPmm+DXgt4wY9+AKqEycNM5uPMhO5cetgoewJO5PY8TRxev5zNGrST8lt6bVw/ld4RO6ffzIX7Q==", "user"=>{"email"=>"arthur@aa.io", "password"=>"[FILTERED]"}}
Completed 500 Internal Server Error in 2ms (ActiveRecord: 0.0ms)

NameError (uninitialized constant User::BCrypt):
  app/models/user.rb:24:in `password='
  app/controllers/users_controller.rb:7:in `create'


  Rendered /usr/local/var/rbenv/versions/2.1.2/lib/ruby/gems/2.1.0/gems/actionpack-4.2.3/lib/action_dispatch/middleware/templates/rescues/_source.erb (7.9ms)
  Rendered /usr/local/var/rbenv/versions/2.1.2/lib/ruby/gems/2.1.0/gems/actionpack-4.2.3/lib/action_dispatch/middleware/templates/rescues/_trace.html.erb (3.1ms)
  Rendered /usr/local/var/rbenv/versions/2.1.2/lib/ruby/gems/2.1.0/gems/actionpack-4.2.3/lib/action_dispatch/middleware/templates/rescues/_request_and_response.html.erb (0.9ms)
  Rendered /usr/local/var/rbenv/versions/2.1.2/lib/ruby/gems/2.1.0/gems/actionpack-4.2.3/lib/action_dispatch/middleware/templates/rescues/diagnostics.html.erb within rescues/layout (43.6ms)
  Rendered /usr/local/var/rbenv/versions/2.1.2/lib/ruby/gems/2.1.0/gems/web-console-2.2.1/lib/web_console/templates/_markup.html.erb (0.5ms)
  Rendered /usr/local/var/rbenv/versions/2.1.2/lib/ruby/gems/2.1.0/gems/web-console-2.2.1/lib/web_console/templates/_inner_console_markup.html.erb within layouts/inlined_string (0.4ms)
  Rendered /usr/local/var/rbenv/versions/2.1.2/lib/ruby/gems/2.1.0/gems/web-console-2.2.1/lib/web_console/templates/_prompt_box_markup.html.erb within layouts/inlined_string (0.3ms)
  Rendered /usr/local/var/rbenv/versions/2.1.2/lib/ruby/gems/2.1.0/gems/web-console-2.2.1/lib/web_console/templates/style.css.erb within layouts/inlined_string (0.6ms)
  Rendered /usr/local/var/rbenv/versions/2.1.2/lib/ruby/gems/2.1.0/gems/web-console-2.2.1/lib/web_console/templates/console.js.erb within layouts/javascript (21.7ms)
  Rendered /usr/local/var/rbenv/versions/2.1.2/lib/ruby/gems/2.1.0/gems/web-console-2.2.1/lib/web_console/templates/main.js.erb within layouts/javascript (0.3ms)
  Rendered /usr/local/var/rbenv/versions/2.1.2/lib/ruby/gems/2.1.0/gems/web-console-2.2.1/lib/web_console/templates/error_page.js.erb within layouts/javascript (0.5ms)
  Rendered /usr/local/var/rbenv/versions/2.1.2/lib/ruby/gems/2.1.0/gems/web-console-2.2.1/lib/web_console/templates/index.html.erb (47.9ms)


Started GET "/users/new" for ::1 at 2015-09-15 15:19:12 -0400
  [1m[36mActiveRecord::SchemaMigration Load (0.5ms)[0m  [1mSELECT "schema_migrations".* FROM "schema_migrations"[0m
Processing by UsersController#new as HTML
  [1m[35mUser Load (0.7ms)[0m  SELECT  "users".* FROM "users" WHERE "users"."session_token" = $1 LIMIT 1  [["session_token", "GWl71tp2OoF6XHwFPgTRMA"]]
  Rendered users/new.html.erb within layouts/application (2.2ms)
  [1m[36mUser Load (0.6ms)[0m  [1mSELECT  "users".* FROM "users" WHERE "users"."session_token" IS NULL LIMIT 1[0m
  Rendered layouts/_errors.html.erb (0.4ms)
Completed 200 OK in 356ms (Views: 303.3ms | ActiveRecord: 5.4ms)


Started GET "/assets/sessions.self-e3b0c44298fc1c149afbf4c8996fb92427ae41e4649b934ca495991b7852b855.css?body=1" for ::1 at 2015-09-15 15:19:12 -0400


Started GET "/assets/application.self-e80e8f2318043e8af94dddc2adad5a4f09739a8ebb323b3ab31cd71d45fd9113.css?body=1" for ::1 at 2015-09-15 15:19:12 -0400


Started GET "/assets/jquery_ujs.self-d456baa54c1fa6be2ec3711f0a72ddf7a5b2f34a6b4f515f33767d6207b7d4b3.js?body=1" for ::1 at 2015-09-15 15:19:12 -0400


Started GET "/assets/users.self-e3b0c44298fc1c149afbf4c8996fb92427ae41e4649b934ca495991b7852b855.css?body=1" for ::1 at 2015-09-15 15:19:12 -0400


Started GET "/assets/turbolinks.self-c37727e9bd6b2735da5c311aa83fead54ed0be6cc8bd9a65309e9c5abe2cbfff.js?body=1" for ::1 at 2015-09-15 15:19:12 -0400


Started GET "/assets/jquery.self-a714331225dda820228db323939889f149aec0127aeb06255646b616ba1ca419.js?body=1" for ::1 at 2015-09-15 15:19:12 -0400


Started GET "/assets/sessions.self-877aef30ae1b040ab8a3aba4e3e309a11d7f2612f44dde450b5c157aa5f95c05.js?body=1" for ::1 at 2015-09-15 15:19:12 -0400


Started GET "/assets/users.self-877aef30ae1b040ab8a3aba4e3e309a11d7f2612f44dde450b5c157aa5f95c05.js?body=1" for ::1 at 2015-09-15 15:19:12 -0400


Started GET "/assets/application.self-3b8dabdc891efe46b9a144b400ad69e37d7e5876bdc39dee783419a69d7ca819.js?body=1" for ::1 at 2015-09-15 15:19:12 -0400


Started POST "/users" for ::1 at 2015-09-15 15:19:17 -0400
Processing by UsersController#create as HTML
  Parameters: {"authenticity_token"=>"FjMt3QpqcnUxuSlZbZpwr8XQrib71XTlyTXpPyprTga3Y8iA50IsLsb2OhkT1jeejCQ7zeS2rb+C6oiSRuAoAA==", "user"=>{"email"=>"arthur@aa.io", "password"=>"[FILTERED]"}}
  [1m[35mUser Load (0.4ms)[0m  SELECT  "users".* FROM "users" WHERE "users"."session_token" = $1 LIMIT 1  [["session_token", "jB2xVoDTvi_JgCxMlXAB6Q"]]
  [1m[36m (0.2ms)[0m  [1mBEGIN[0m
  [1m[35mSQL (0.7ms)[0m  INSERT INTO "users" ("password_digest", "email", "session_token", "created_at", "updated_at") VALUES ($1, $2, $3, $4, $5) RETURNING "id"  [["password_digest", "$2a$10$wWYDi3YJ378hImuxg49yTON25TGPe9YFa5r/jdjkPwedqnt1Ab3D."], ["email", "arthur@aa.io"], ["session_token", "jB2xVoDTvi_JgCxMlXAB6Q"], ["created_at", "2015-09-15 19:19:17.649987"], ["updated_at", "2015-09-15 19:19:17.649987"]]
  [1m[36m (0.5ms)[0m  [1mCOMMIT[0m
  [1m[35mUser Load (0.4ms)[0m  SELECT  "users".* FROM "users" WHERE "users"."session_token" = $1 LIMIT 1  [["session_token", "JnmXCti0DbOTG_b6OgGTAA"]]
  [1m[36m (0.1ms)[0m  [1mBEGIN[0m
  [1m[35mSQL (0.4ms)[0m  UPDATE "users" SET "session_token" = $1, "updated_at" = $2 WHERE "users"."id" = $3  [["session_token", "JnmXCti0DbOTG_b6OgGTAA"], ["updated_at", "2015-09-15 19:19:17.654370"], ["id", 1]]
  [1m[36m (0.4ms)[0m  [1mCOMMIT[0m
Completed 500 Internal Server Error in 99ms (ActiveRecord: 3.1ms)

NameError (undefined local variable or method `links_url' for #<UsersController:0x007fb08fde2050>):
  app/controllers/users_controller.rb:10:in `create'


  Rendered /usr/local/var/rbenv/versions/2.1.2/lib/ruby/gems/2.1.0/gems/actionpack-4.2.3/lib/action_dispatch/middleware/templates/rescues/_source.erb (4.7ms)
  Rendered /usr/local/var/rbenv/versions/2.1.2/lib/ruby/gems/2.1.0/gems/actionpack-4.2.3/lib/action_dispatch/middleware/templates/rescues/_trace.html.erb (2.3ms)
  Rendered /usr/local/var/rbenv/versions/2.1.2/lib/ruby/gems/2.1.0/gems/actionpack-4.2.3/lib/action_dispatch/middleware/templates/rescues/_request_and_response.html.erb (66.9ms)
  Rendered /usr/local/var/rbenv/versions/2.1.2/lib/ruby/gems/2.1.0/gems/actionpack-4.2.3/lib/action_dispatch/middleware/templates/rescues/diagnostics.html.erb within rescues/layout (92.8ms)
  Rendered /usr/local/var/rbenv/versions/2.1.2/lib/ruby/gems/2.1.0/gems/web-console-2.2.1/lib/web_console/templates/_markup.html.erb (0.5ms)
  Rendered /usr/local/var/rbenv/versions/2.1.2/lib/ruby/gems/2.1.0/gems/web-console-2.2.1/lib/web_console/templates/_inner_console_markup.html.erb within layouts/inlined_string (0.3ms)
  Rendered /usr/local/var/rbenv/versions/2.1.2/lib/ruby/gems/2.1.0/gems/web-console-2.2.1/lib/web_console/templates/_prompt_box_markup.html.erb within layouts/inlined_string (0.3ms)
  Rendered /usr/local/var/rbenv/versions/2.1.2/lib/ruby/gems/2.1.0/gems/web-console-2.2.1/lib/web_console/templates/style.css.erb within layouts/inlined_string (0.4ms)
  Rendered /usr/local/var/rbenv/versions/2.1.2/lib/ruby/gems/2.1.0/gems/web-console-2.2.1/lib/web_console/templates/console.js.erb within layouts/javascript (17.9ms)
  Rendered /usr/local/var/rbenv/versions/2.1.2/lib/ruby/gems/2.1.0/gems/web-console-2.2.1/lib/web_console/templates/main.js.erb within layouts/javascript (0.3ms)
  Rendered /usr/local/var/rbenv/versions/2.1.2/lib/ruby/gems/2.1.0/gems/web-console-2.2.1/lib/web_console/templates/error_page.js.erb within layouts/javascript (0.4ms)
  Rendered /usr/local/var/rbenv/versions/2.1.2/lib/ruby/gems/2.1.0/gems/web-console-2.2.1/lib/web_console/templates/index.html.erb (41.5ms)


Started POST "/users" for ::1 at 2015-09-15 15:22:35 -0400
Processing by UsersController#create as HTML
  Parameters: {"authenticity_token"=>"FjMt3QpqcnUxuSlZbZpwr8XQrib71XTlyTXpPyprTga3Y8iA50IsLsb2OhkT1jeejCQ7zeS2rb+C6oiSRuAoAA==", "user"=>{"email"=>"arthur@aa.io", "password"=>"[FILTERED]"}}
  [1m[35mUser Load (0.4ms)[0m  SELECT  "users".* FROM "users" WHERE "users"."session_token" = $1 LIMIT 1  [["session_token", "m6KNAo9T8OABafXhxNX4zA"]]
  [1m[36m (0.2ms)[0m  [1mBEGIN[0m
  [1m[35mSQL (74.6ms)[0m  INSERT INTO "users" ("password_digest", "email", "session_token", "created_at", "updated_at") VALUES ($1, $2, $3, $4, $5) RETURNING "id"  [["password_digest", "$2a$10$ZBqG4dK1EDMSwpB6yIEKLuvIk0Rw3.sFdGRgmIoxk2VvYPbdXbXaG"], ["email", "arthur@aa.io"], ["session_token", "m6KNAo9T8OABafXhxNX4zA"], ["created_at", "2015-09-15 19:22:36.059267"], ["updated_at", "2015-09-15 19:22:36.059267"]]
PG::UniqueViolation: ERROR:  duplicate key value violates unique constraint "index_users_on_email"
DETAIL:  Key (email)=(arthur@aa.io) already exists.
: INSERT INTO "users" ("password_digest", "email", "session_token", "created_at", "updated_at") VALUES ($1, $2, $3, $4, $5) RETURNING "id"
  [1m[36m (0.2ms)[0m  [1mROLLBACK[0m
Completed 500 Internal Server Error in 168ms (ActiveRecord: 78.7ms)

ActiveRecord::RecordNotUnique (PG::UniqueViolation: ERROR:  duplicate key value violates unique constraint "index_users_on_email"
DETAIL:  Key (email)=(arthur@aa.io) already exists.
: INSERT INTO "users" ("password_digest", "email", "session_token", "created_at", "updated_at") VALUES ($1, $2, $3, $4, $5) RETURNING "id"):
  app/controllers/users_controller.rb:8:in `create'


  Rendered /usr/local/var/rbenv/versions/2.1.2/lib/ruby/gems/2.1.0/gems/actionpack-4.2.3/lib/action_dispatch/middleware/templates/rescues/_source.erb (7.9ms)
  Rendered /usr/local/var/rbenv/versions/2.1.2/lib/ruby/gems/2.1.0/gems/actionpack-4.2.3/lib/action_dispatch/middleware/templates/rescues/_trace.html.erb (2.4ms)
  Rendered /usr/local/var/rbenv/versions/2.1.2/lib/ruby/gems/2.1.0/gems/actionpack-4.2.3/lib/action_dispatch/middleware/templates/rescues/_request_and_response.html.erb (0.8ms)
  Rendered /usr/local/var/rbenv/versions/2.1.2/lib/ruby/gems/2.1.0/gems/actionpack-4.2.3/lib/action_dispatch/middleware/templates/rescues/diagnostics.html.erb within rescues/layout (24.7ms)
  Rendered /usr/local/var/rbenv/versions/2.1.2/lib/ruby/gems/2.1.0/gems/web-console-2.2.1/lib/web_console/templates/_markup.html.erb (0.3ms)
  Rendered /usr/local/var/rbenv/versions/2.1.2/lib/ruby/gems/2.1.0/gems/web-console-2.2.1/lib/web_console/templates/_inner_console_markup.html.erb within layouts/inlined_string (0.2ms)
  Rendered /usr/local/var/rbenv/versions/2.1.2/lib/ruby/gems/2.1.0/gems/web-console-2.2.1/lib/web_console/templates/_prompt_box_markup.html.erb within layouts/inlined_string (0.6ms)
  Rendered /usr/local/var/rbenv/versions/2.1.2/lib/ruby/gems/2.1.0/gems/web-console-2.2.1/lib/web_console/templates/style.css.erb within layouts/inlined_string (0.4ms)
  Rendered /usr/local/var/rbenv/versions/2.1.2/lib/ruby/gems/2.1.0/gems/web-console-2.2.1/lib/web_console/templates/console.js.erb within layouts/javascript (16.9ms)
  Rendered /usr/local/var/rbenv/versions/2.1.2/lib/ruby/gems/2.1.0/gems/web-console-2.2.1/lib/web_console/templates/main.js.erb within layouts/javascript (0.3ms)
  Rendered /usr/local/var/rbenv/versions/2.1.2/lib/ruby/gems/2.1.0/gems/web-console-2.2.1/lib/web_console/templates/error_page.js.erb within layouts/javascript (0.3ms)
  Rendered /usr/local/var/rbenv/versions/2.1.2/lib/ruby/gems/2.1.0/gems/web-console-2.2.1/lib/web_console/templates/index.html.erb (33.3ms)


Started GET "/" for ::1 at 2015-09-15 15:22:48 -0400
Processing by SessionsController#new as HTML
  Rendered sessions/new.html.erb within layouts/application (1.1ms)
  [1m[35mUser Load (25.6ms)[0m  SELECT  "users".* FROM "users" WHERE "users"."session_token" IS NULL LIMIT 1
  Rendered layouts/_errors.html.erb (0.2ms)
Completed 200 OK in 65ms (Views: 38.5ms | ActiveRecord: 25.6ms)


Started GET "/users/1" for ::1 at 2015-09-15 15:22:56 -0400

ActionController::RoutingError (No route matches [GET] "/users/1"):
  actionpack (4.2.3) lib/action_dispatch/middleware/debug_exceptions.rb:21:in `call'
  web-console (2.2.1) lib/web_console/middleware.rb:39:in `call'
  actionpack (4.2.3) lib/action_dispatch/middleware/show_exceptions.rb:30:in `call'
  railties (4.2.3) lib/rails/rack/logger.rb:38:in `call_app'
  railties (4.2.3) lib/rails/rack/logger.rb:20:in `block in call'
  activesupport (4.2.3) lib/active_support/tagged_logging.rb:68:in `block in tagged'
  activesupport (4.2.3) lib/active_support/tagged_logging.rb:26:in `tagged'
  activesupport (4.2.3) lib/active_support/tagged_logging.rb:68:in `tagged'
  railties (4.2.3) lib/rails/rack/logger.rb:20:in `call'
  actionpack (4.2.3) lib/action_dispatch/middleware/request_id.rb:21:in `call'
  rack (1.6.4) lib/rack/methodoverride.rb:22:in `call'
  rack (1.6.4) lib/rack/runtime.rb:18:in `call'
  activesupport (4.2.3) lib/active_support/cache/strategy/local_cache_middleware.rb:28:in `call'
  rack (1.6.4) lib/rack/lock.rb:17:in `call'
  actionpack (4.2.3) lib/action_dispatch/middleware/static.rb:116:in `call'
  rack (1.6.4) lib/rack/sendfile.rb:113:in `call'
  railties (4.2.3) lib/rails/engine.rb:518:in `call'
  railties (4.2.3) lib/rails/application.rb:165:in `call'
  rack (1.6.4) lib/rack/lock.rb:17:in `call'
  rack (1.6.4) lib/rack/content_length.rb:15:in `call'
  rack (1.6.4) lib/rack/handler/webrick.rb:88:in `service'
  /usr/local/var/rbenv/versions/2.1.2/lib/ruby/2.1.0/webrick/httpserver.rb:138:in `service'
  /usr/local/var/rbenv/versions/2.1.2/lib/ruby/2.1.0/webrick/httpserver.rb:94:in `run'
  /usr/local/var/rbenv/versions/2.1.2/lib/ruby/2.1.0/webrick/server.rb:295:in `block in start_thread'


  Rendered /usr/local/var/rbenv/versions/2.1.2/lib/ruby/gems/2.1.0/gems/actionpack-4.2.3/lib/action_dispatch/middleware/templates/rescues/_trace.html.erb (1.6ms)
  Rendered /usr/local/var/rbenv/versions/2.1.2/lib/ruby/gems/2.1.0/gems/actionpack-4.2.3/lib/action_dispatch/middleware/templates/routes/_route.html.erb (1.7ms)
  Rendered /usr/local/var/rbenv/versions/2.1.2/lib/ruby/gems/2.1.0/gems/actionpack-4.2.3/lib/action_dispatch/middleware/templates/routes/_table.html.erb (42.1ms)
  Rendered /usr/local/var/rbenv/versions/2.1.2/lib/ruby/gems/2.1.0/gems/actionpack-4.2.3/lib/action_dispatch/middleware/templates/rescues/_request_and_response.html.erb (1.8ms)
  Rendered /usr/local/var/rbenv/versions/2.1.2/lib/ruby/gems/2.1.0/gems/actionpack-4.2.3/lib/action_dispatch/middleware/templates/rescues/routing_error.html.erb within rescues/layout (71.9ms)
  Rendered /usr/local/var/rbenv/versions/2.1.2/lib/ruby/gems/2.1.0/gems/web-console-2.2.1/lib/web_console/templates/_markup.html.erb (0.3ms)
  Rendered /usr/local/var/rbenv/versions/2.1.2/lib/ruby/gems/2.1.0/gems/web-console-2.2.1/lib/web_console/templates/_inner_console_markup.html.erb within layouts/inlined_string (0.3ms)
  Rendered /usr/local/var/rbenv/versions/2.1.2/lib/ruby/gems/2.1.0/gems/web-console-2.2.1/lib/web_console/templates/_prompt_box_markup.html.erb within layouts/inlined_string (0.2ms)
  Rendered /usr/local/var/rbenv/versions/2.1.2/lib/ruby/gems/2.1.0/gems/web-console-2.2.1/lib/web_console/templates/style.css.erb within layouts/inlined_string (0.3ms)
  Rendered /usr/local/var/rbenv/versions/2.1.2/lib/ruby/gems/2.1.0/gems/web-console-2.2.1/lib/web_console/templates/console.js.erb within layouts/javascript (15.2ms)
  Rendered /usr/local/var/rbenv/versions/2.1.2/lib/ruby/gems/2.1.0/gems/web-console-2.2.1/lib/web_console/templates/main.js.erb within layouts/javascript (0.8ms)
  Rendered /usr/local/var/rbenv/versions/2.1.2/lib/ruby/gems/2.1.0/gems/web-console-2.2.1/lib/web_console/templates/error_page.js.erb within layouts/javascript (0.4ms)
  Rendered /usr/local/var/rbenv/versions/2.1.2/lib/ruby/gems/2.1.0/gems/web-console-2.2.1/lib/web_console/templates/index.html.erb (33.5ms)


Started GET "/users/1" for ::1 at 2015-09-15 15:23:13 -0400
Processing by UsersController#show as HTML
  Parameters: {"id"=>"1"}
  Rendered users/show.html.erb within layouts/application (2.4ms)
Completed 500 Internal Server Error in 5ms (ActiveRecord: 0.0ms)

ActionView::Template::Error (undefined method `email' for nil:NilClass):
    1: <%= @user.email %>
  app/views/users/show.html.erb:1:in `_app_views_users_show_html_erb__4124297590336326131_70198162265020'


  Rendered /usr/local/var/rbenv/versions/2.1.2/lib/ruby/gems/2.1.0/gems/actionpack-4.2.3/lib/action_dispatch/middleware/templates/rescues/_source.erb (7.4ms)
  Rendered /usr/local/var/rbenv/versions/2.1.2/lib/ruby/gems/2.1.0/gems/actionpack-4.2.3/lib/action_dispatch/middleware/templates/rescues/_trace.html.erb (2.6ms)
  Rendered /usr/local/var/rbenv/versions/2.1.2/lib/ruby/gems/2.1.0/gems/actionpack-4.2.3/lib/action_dispatch/middleware/templates/rescues/_request_and_response.html.erb (1.0ms)
  Rendered /usr/local/var/rbenv/versions/2.1.2/lib/ruby/gems/2.1.0/gems/actionpack-4.2.3/lib/action_dispatch/middleware/templates/rescues/template_error.html.erb within rescues/layout (24.8ms)
  Rendered /usr/local/var/rbenv/versions/2.1.2/lib/ruby/gems/2.1.0/gems/web-console-2.2.1/lib/web_console/templates/_markup.html.erb (0.3ms)
  Rendered /usr/local/var/rbenv/versions/2.1.2/lib/ruby/gems/2.1.0/gems/web-console-2.2.1/lib/web_console/templates/_inner_console_markup.html.erb within layouts/inlined_string (0.4ms)
  Rendered /usr/local/var/rbenv/versions/2.1.2/lib/ruby/gems/2.1.0/gems/web-console-2.2.1/lib/web_console/templates/_prompt_box_markup.html.erb within layouts/inlined_string (0.4ms)
  Rendered /usr/local/var/rbenv/versions/2.1.2/lib/ruby/gems/2.1.0/gems/web-console-2.2.1/lib/web_console/templates/style.css.erb within layouts/inlined_string (0.3ms)
  Rendered /usr/local/var/rbenv/versions/2.1.2/lib/ruby/gems/2.1.0/gems/web-console-2.2.1/lib/web_console/templates/console.js.erb within layouts/javascript (16.9ms)
  Rendered /usr/local/var/rbenv/versions/2.1.2/lib/ruby/gems/2.1.0/gems/web-console-2.2.1/lib/web_console/templates/main.js.erb within layouts/javascript (0.3ms)
  Rendered /usr/local/var/rbenv/versions/2.1.2/lib/ruby/gems/2.1.0/gems/web-console-2.2.1/lib/web_console/templates/error_page.js.erb within layouts/javascript (0.6ms)
  Rendered /usr/local/var/rbenv/versions/2.1.2/lib/ruby/gems/2.1.0/gems/web-console-2.2.1/lib/web_console/templates/index.html.erb (34.0ms)


Started GET "/users/1" for ::1 at 2015-09-15 15:23:40 -0400
Processing by UsersController#show as HTML
  Parameters: {"id"=>"1"}
  [1m[36mUser Load (0.4ms)[0m  [1mSELECT  "users".* FROM "users" WHERE "users"."id" = $1 LIMIT 1[0m  [["id", 1]]
  Rendered users/show.html.erb within layouts/application (0.1ms)
  [1m[35mUser Load (0.4ms)[0m  SELECT  "users".* FROM "users" WHERE "users"."session_token" IS NULL LIMIT 1
  Rendered layouts/_errors.html.erb (0.1ms)
Completed 200 OK in 55ms (Views: 43.1ms | ActiveRecord: 3.3ms)


Started GET "/assets/sessions.self-e3b0c44298fc1c149afbf4c8996fb92427ae41e4649b934ca495991b7852b855.css?body=1" for ::1 at 2015-09-15 15:23:40 -0400


Started GET "/assets/turbolinks.self-c37727e9bd6b2735da5c311aa83fead54ed0be6cc8bd9a65309e9c5abe2cbfff.js?body=1" for ::1 at 2015-09-15 15:23:40 -0400


Started GET "/assets/jquery.self-a714331225dda820228db323939889f149aec0127aeb06255646b616ba1ca419.js?body=1" for ::1 at 2015-09-15 15:23:40 -0400


Started GET "/assets/application.self-e80e8f2318043e8af94dddc2adad5a4f09739a8ebb323b3ab31cd71d45fd9113.css?body=1" for ::1 at 2015-09-15 15:23:40 -0400


Started GET "/assets/jquery_ujs.self-d456baa54c1fa6be2ec3711f0a72ddf7a5b2f34a6b4f515f33767d6207b7d4b3.js?body=1" for ::1 at 2015-09-15 15:23:40 -0400


Started GET "/assets/users.self-e3b0c44298fc1c149afbf4c8996fb92427ae41e4649b934ca495991b7852b855.css?body=1" for ::1 at 2015-09-15 15:23:40 -0400


Started GET "/assets/sessions.self-877aef30ae1b040ab8a3aba4e3e309a11d7f2612f44dde450b5c157aa5f95c05.js?body=1" for ::1 at 2015-09-15 15:23:40 -0400


Started GET "/assets/users.self-877aef30ae1b040ab8a3aba4e3e309a11d7f2612f44dde450b5c157aa5f95c05.js?body=1" for ::1 at 2015-09-15 15:23:40 -0400


Started GET "/assets/application.self-3b8dabdc891efe46b9a144b400ad69e37d7e5876bdc39dee783419a69d7ca819.js?body=1" for ::1 at 2015-09-15 15:23:40 -0400


Started GET "/session/new" for ::1 at 2015-09-15 15:25:02 -0400
Processing by SessionsController#new as HTML
  Rendered sessions/new.html.erb within layouts/application (0.6ms)
  [1m[36mUser Load (0.5ms)[0m  [1mSELECT  "users".* FROM "users" WHERE "users"."session_token" IS NULL LIMIT 1[0m
  Rendered layouts/_errors.html.erb (0.4ms)
Completed 200 OK in 37ms (Views: 35.4ms | ActiveRecord: 0.5ms)


Started POST "/session" for ::1 at 2015-09-15 15:25:12 -0400
Processing by SessionsController#create as HTML
  Parameters: {"authenticity_token"=>"Z6L8RpQrGkF1PsFAO+TTW11S2x0Bv7e+UlorSw2A0OnG8hkbeQNEGoJx0gBFqJRqFKZO9h7cbuQZhUrmYQu27w==", "user"=>{"email"=>"arthur@aa.io", "password"=>"[FILTERED]"}}
  [1m[35mUser Load (0.3ms)[0m  SELECT  "users".* FROM "users" WHERE "users"."email" = $1 LIMIT 1  [["email", "arthur@aa.io"]]
  [1m[36mUser Load (0.4ms)[0m  [1mSELECT  "users".* FROM "users" WHERE "users"."session_token" = $1 LIMIT 1[0m  [["session_token", "AdcTCdtto0GPozgxz5GxSA"]]
  [1m[35m (0.1ms)[0m  BEGIN
  [1m[36mSQL (0.4ms)[0m  [1mUPDATE "users" SET "session_token" = $1, "updated_at" = $2 WHERE "users"."id" = $3[0m  [["session_token", "AdcTCdtto0GPozgxz5GxSA"], ["updated_at", "2015-09-15 19:25:12.245783"], ["id", 1]]
  [1m[35m (0.5ms)[0m  COMMIT
Completed 500 Internal Server Error in 85ms (ActiveRecord: 1.7ms)

NameError (undefined local variable or method `links_url' for #<SessionsController:0x007fb0918c3108>):
  app/controllers/sessions_controller.rb:13:in `create'


  Rendered /usr/local/var/rbenv/versions/2.1.2/lib/ruby/gems/2.1.0/gems/actionpack-4.2.3/lib/action_dispatch/middleware/templates/rescues/_source.erb (5.3ms)
  Rendered /usr/local/var/rbenv/versions/2.1.2/lib/ruby/gems/2.1.0/gems/actionpack-4.2.3/lib/action_dispatch/middleware/templates/rescues/_trace.html.erb (2.1ms)
  Rendered /usr/local/var/rbenv/versions/2.1.2/lib/ruby/gems/2.1.0/gems/actionpack-4.2.3/lib/action_dispatch/middleware/templates/rescues/_request_and_response.html.erb (1.0ms)
  Rendered /usr/local/var/rbenv/versions/2.1.2/lib/ruby/gems/2.1.0/gems/actionpack-4.2.3/lib/action_dispatch/middleware/templates/rescues/diagnostics.html.erb within rescues/layout (24.5ms)
  Rendered /usr/local/var/rbenv/versions/2.1.2/lib/ruby/gems/2.1.0/gems/web-console-2.2.1/lib/web_console/templates/_markup.html.erb (0.3ms)
  Rendered /usr/local/var/rbenv/versions/2.1.2/lib/ruby/gems/2.1.0/gems/web-console-2.2.1/lib/web_console/templates/_inner_console_markup.html.erb within layouts/inlined_string (0.3ms)
  Rendered /usr/local/var/rbenv/versions/2.1.2/lib/ruby/gems/2.1.0/gems/web-console-2.2.1/lib/web_console/templates/_prompt_box_markup.html.erb within layouts/inlined_string (0.2ms)
  Rendered /usr/local/var/rbenv/versions/2.1.2/lib/ruby/gems/2.1.0/gems/web-console-2.2.1/lib/web_console/templates/style.css.erb within layouts/inlined_string (0.3ms)
  Rendered /usr/local/var/rbenv/versions/2.1.2/lib/ruby/gems/2.1.0/gems/web-console-2.2.1/lib/web_console/templates/console.js.erb within layouts/javascript (14.2ms)
  Rendered /usr/local/var/rbenv/versions/2.1.2/lib/ruby/gems/2.1.0/gems/web-console-2.2.1/lib/web_console/templates/main.js.erb within layouts/javascript (0.5ms)
  Rendered /usr/local/var/rbenv/versions/2.1.2/lib/ruby/gems/2.1.0/gems/web-console-2.2.1/lib/web_console/templates/error_page.js.erb within layouts/javascript (0.5ms)
  Rendered /usr/local/var/rbenv/versions/2.1.2/lib/ruby/gems/2.1.0/gems/web-console-2.2.1/lib/web_console/templates/index.html.erb (33.1ms)


Started GET "/session/new" for ::1 at 2015-09-15 15:25:52 -0400
Processing by SessionsController#new as HTML
  Rendered sessions/new.html.erb within layouts/application (0.2ms)
  [1m[36mUser Load (0.3ms)[0m  [1mSELECT  "users".* FROM "users" WHERE "users"."session_token" IS NULL LIMIT 1[0m
  Rendered layouts/_errors.html.erb (0.1ms)
Completed 200 OK in 44ms (Views: 42.4ms | ActiveRecord: 1.3ms)


Started GET "/assets/sessions.self-e3b0c44298fc1c149afbf4c8996fb92427ae41e4649b934ca495991b7852b855.css?body=1" for ::1 at 2015-09-15 15:25:52 -0400


Started GET "/assets/application.self-e80e8f2318043e8af94dddc2adad5a4f09739a8ebb323b3ab31cd71d45fd9113.css?body=1" for ::1 at 2015-09-15 15:25:52 -0400


Started GET "/assets/jquery.self-a714331225dda820228db323939889f149aec0127aeb06255646b616ba1ca419.js?body=1" for ::1 at 2015-09-15 15:25:52 -0400


Started GET "/assets/jquery_ujs.self-d456baa54c1fa6be2ec3711f0a72ddf7a5b2f34a6b4f515f33767d6207b7d4b3.js?body=1" for ::1 at 2015-09-15 15:25:52 -0400


Started GET "/assets/users.self-e3b0c44298fc1c149afbf4c8996fb92427ae41e4649b934ca495991b7852b855.css?body=1" for ::1 at 2015-09-15 15:25:53 -0400


Started GET "/assets/turbolinks.self-c37727e9bd6b2735da5c311aa83fead54ed0be6cc8bd9a65309e9c5abe2cbfff.js?body=1" for ::1 at 2015-09-15 15:25:53 -0400


Started GET "/assets/sessions.self-877aef30ae1b040ab8a3aba4e3e309a11d7f2612f44dde450b5c157aa5f95c05.js?body=1" for ::1 at 2015-09-15 15:25:53 -0400


Started GET "/assets/users.self-877aef30ae1b040ab8a3aba4e3e309a11d7f2612f44dde450b5c157aa5f95c05.js?body=1" for ::1 at 2015-09-15 15:25:53 -0400


Started GET "/assets/application.self-3b8dabdc891efe46b9a144b400ad69e37d7e5876bdc39dee783419a69d7ca819.js?body=1" for ::1 at 2015-09-15 15:25:53 -0400


Started POST "/session" for ::1 at 2015-09-15 15:25:58 -0400
Processing by SessionsController#create as HTML
  Parameters: {"authenticity_token"=>"U+yWzTezJVqJ7DNE6aCMxF2pslaU/FCfST0ogxCJCQ7yvHOQ2pt7AX6jIASX7Mv1FF0nvYuficUC4kkufAJvCA==", "user"=>{"email"=>"arthur@aa.io", "password"=>"[FILTERED]"}}
  [1m[35mUser Load (0.5ms)[0m  SELECT  "users".* FROM "users" WHERE "users"."email" = $1 LIMIT 1  [["email", "arthur@aa.io"]]
  [1m[36mUser Load (0.4ms)[0m  [1mSELECT  "users".* FROM "users" WHERE "users"."session_token" = $1 LIMIT 1[0m  [["session_token", "jc7ZbHk8s8D0FgdmPr4mqw"]]
  [1m[35m (0.1ms)[0m  BEGIN
  [1m[36mSQL (0.5ms)[0m  [1mUPDATE "users" SET "session_token" = $1, "updated_at" = $2 WHERE "users"."id" = $3[0m  [["session_token", "jc7ZbHk8s8D0FgdmPr4mqw"], ["updated_at", "2015-09-15 19:25:58.434993"], ["id", 1]]
  [1m[35m (0.6ms)[0m  COMMIT
Redirected to http://localhost:3000/users/1
Completed 302 Found in 90ms (ActiveRecord: 3.7ms)


Started GET "/users/1" for ::1 at 2015-09-15 15:25:58 -0400
Processing by UsersController#show as HTML
  Parameters: {"id"=>"1"}
  [1m[36mUser Load (0.5ms)[0m  [1mSELECT  "users".* FROM "users" WHERE "users"."id" = $1 LIMIT 1[0m  [["id", 1]]
  Rendered users/show.html.erb within layouts/application (0.1ms)
  [1m[35mUser Load (0.3ms)[0m  SELECT  "users".* FROM "users" WHERE "users"."session_token" = $1 LIMIT 1  [["session_token", "jc7ZbHk8s8D0FgdmPr4mqw"]]
  Rendered layouts/_errors.html.erb (0.1ms)
Completed 200 OK in 41ms (Views: 37.9ms | ActiveRecord: 0.8ms)


Started DELETE "/session" for ::1 at 2015-09-15 15:26:05 -0400
Processing by SessionsController#destroy as HTML
  Parameters: {"authenticity_token"=>"pTegT0OYtRoUT0VmMLsb/ccdI8FzKsTD93KjLQUq/WwEZ0USrrDrQeMAViZO91zMjum2KmxJHZm8rcKAaaGbag=="}
  [1m[36mUser Load (0.3ms)[0m  [1mSELECT  "users".* FROM "users" WHERE "users"."session_token" = $1 LIMIT 1[0m  [["session_token", "jc7ZbHk8s8D0FgdmPr4mqw"]]
  [1m[35mUser Load (0.3ms)[0m  SELECT  "users".* FROM "users" WHERE "users"."session_token" = $1 LIMIT 1  [["session_token", "vF-CLeLlvfdUBfmc3g2h1A"]]
  [1m[36m (0.2ms)[0m  [1mBEGIN[0m
  [1m[35mSQL (0.5ms)[0m  UPDATE "users" SET "session_token" = $1, "updated_at" = $2 WHERE "users"."id" = $3  [["session_token", "vF-CLeLlvfdUBfmc3g2h1A"], ["updated_at", "2015-09-15 19:26:05.473098"], ["id", 1]]
  [1m[36m (0.5ms)[0m  [1mCOMMIT[0m
Redirected to http://localhost:3000/session/new
Completed 302 Found in 6ms (ActiveRecord: 1.7ms)


Started GET "/session/new" for ::1 at 2015-09-15 15:26:05 -0400
Processing by SessionsController#new as HTML
  Rendered sessions/new.html.erb within layouts/application (0.2ms)
  [1m[35mUser Load (0.4ms)[0m  SELECT  "users".* FROM "users" WHERE "users"."session_token" IS NULL LIMIT 1
  Rendered layouts/_errors.html.erb (0.1ms)
Completed 200 OK in 37ms (Views: 35.9ms | ActiveRecord: 0.4ms)


Started GET "/users/new" for ::1 at 2015-09-15 15:26:06 -0400
Processing by UsersController#new as HTML
  [1m[36mUser Load (0.2ms)[0m  [1mSELECT  "users".* FROM "users" WHERE "users"."session_token" = $1 LIMIT 1[0m  [["session_token", "24Orcn65Ka044lL0JdeABA"]]
  Rendered users/new.html.erb within layouts/application (0.6ms)
  [1m[35mUser Load (0.6ms)[0m  SELECT  "users".* FROM "users" WHERE "users"."session_token" IS NULL LIMIT 1
  Rendered layouts/_errors.html.erb (0.1ms)
Completed 200 OK in 41ms (Views: 39.4ms | ActiveRecord: 0.9ms)


Started POST "/users" for ::1 at 2015-09-15 15:26:14 -0400
Processing by UsersController#create as HTML
  Parameters: {"authenticity_token"=>"Md00o98wvHJ5XN7LsfgOFJS8zDxTq053qvRKYe7jpkiQjdH+MhjiKY4TzYvPtEkl3UhZ10zIly3hKyvMgmjATg==", "user"=>{"email"=>"arthur2@aa.io", "password"=>"[FILTERED]"}}
  [1m[36mUser Load (0.2ms)[0m  [1mSELECT  "users".* FROM "users" WHERE "users"."session_token" = $1 LIMIT 1[0m  [["session_token", "BpnsaxajQCOZXkYn8e8dwQ"]]
  [1m[35m (0.1ms)[0m  BEGIN
  [1m[36mSQL (0.3ms)[0m  [1mINSERT INTO "users" ("password_digest", "email", "session_token", "created_at", "updated_at") VALUES ($1, $2, $3, $4, $5) RETURNING "id"[0m  [["password_digest", "$2a$10$Dx3l1S3pT2P6s9w3iE6XDucYreM5MfG1ZdjGP.GaahPkBcL3Df8E6"], ["email", "arthur2@aa.io"], ["session_token", "BpnsaxajQCOZXkYn8e8dwQ"], ["created_at", "2015-09-15 19:26:14.099430"], ["updated_at", "2015-09-15 19:26:14.099430"]]
  [1m[35m (0.4ms)[0m  COMMIT
  [1m[36mUser Load (0.2ms)[0m  [1mSELECT  "users".* FROM "users" WHERE "users"."session_token" = $1 LIMIT 1[0m  [["session_token", "hWeQik-L4XMvv-1gz8Mvvw"]]
  [1m[35m (0.1ms)[0m  BEGIN
  [1m[36mSQL (0.4ms)[0m  [1mUPDATE "users" SET "session_token" = $1, "updated_at" = $2 WHERE "users"."id" = $3[0m  [["session_token", "hWeQik-L4XMvv-1gz8Mvvw"], ["updated_at", "2015-09-15 19:26:14.102198"], ["id", 3]]
  [1m[35m (0.4ms)[0m  COMMIT
Redirected to http://localhost:3000/users/3
Completed 302 Found in 86ms (ActiveRecord: 2.1ms)


Started GET "/users/3" for ::1 at 2015-09-15 15:26:14 -0400
Processing by UsersController#show as HTML
  Parameters: {"id"=>"3"}
  [1m[36mUser Load (0.5ms)[0m  [1mSELECT  "users".* FROM "users" WHERE "users"."id" = $1 LIMIT 1[0m  [["id", 3]]
  Rendered users/show.html.erb within layouts/application (0.1ms)
  [1m[35mUser Load (0.3ms)[0m  SELECT  "users".* FROM "users" WHERE "users"."session_token" = $1 LIMIT 1  [["session_token", "hWeQik-L4XMvv-1gz8Mvvw"]]
  Rendered layouts/_errors.html.erb (0.1ms)
Completed 200 OK in 40ms (Views: 38.5ms | ActiveRecord: 0.8ms)


Started GET "/users/2" for ::1 at 2015-09-15 15:26:22 -0400
Processing by UsersController#show as HTML
  Parameters: {"id"=>"2"}
  [1m[36mUser Load (0.5ms)[0m  [1mSELECT  "users".* FROM "users" WHERE "users"."id" = $1 LIMIT 1[0m  [["id", 2]]
Completed 404 Not Found in 3ms (ActiveRecord: 0.5ms)

ActiveRecord::RecordNotFound (Couldn't find User with 'id'=2):
  app/controllers/users_controller.rb:18:in `show'


  Rendered /usr/local/var/rbenv/versions/2.1.2/lib/ruby/gems/2.1.0/gems/actionpack-4.2.3/lib/action_dispatch/middleware/templates/rescues/_source.erb (4.9ms)
  Rendered /usr/local/var/rbenv/versions/2.1.2/lib/ruby/gems/2.1.0/gems/actionpack-4.2.3/lib/action_dispatch/middleware/templates/rescues/_trace.html.erb (3.5ms)
  Rendered /usr/local/var/rbenv/versions/2.1.2/lib/ruby/gems/2.1.0/gems/actionpack-4.2.3/lib/action_dispatch/middleware/templates/rescues/_request_and_response.html.erb (1.0ms)
  Rendered /usr/local/var/rbenv/versions/2.1.2/lib/ruby/gems/2.1.0/gems/actionpack-4.2.3/lib/action_dispatch/middleware/templates/rescues/diagnostics.html.erb within rescues/layout (35.0ms)
  Rendered /usr/local/var/rbenv/versions/2.1.2/lib/ruby/gems/2.1.0/gems/web-console-2.2.1/lib/web_console/templates/_markup.html.erb (0.3ms)
  Rendered /usr/local/var/rbenv/versions/2.1.2/lib/ruby/gems/2.1.0/gems/web-console-2.2.1/lib/web_console/templates/_inner_console_markup.html.erb within layouts/inlined_string (0.3ms)
  Rendered /usr/local/var/rbenv/versions/2.1.2/lib/ruby/gems/2.1.0/gems/web-console-2.2.1/lib/web_console/templates/_prompt_box_markup.html.erb within layouts/inlined_string (0.3ms)
  Rendered /usr/local/var/rbenv/versions/2.1.2/lib/ruby/gems/2.1.0/gems/web-console-2.2.1/lib/web_console/templates/style.css.erb within layouts/inlined_string (0.4ms)
  Rendered /usr/local/var/rbenv/versions/2.1.2/lib/ruby/gems/2.1.0/gems/web-console-2.2.1/lib/web_console/templates/console.js.erb within layouts/javascript (16.8ms)
  Rendered /usr/local/var/rbenv/versions/2.1.2/lib/ruby/gems/2.1.0/gems/web-console-2.2.1/lib/web_console/templates/main.js.erb within layouts/javascript (0.3ms)
  Rendered /usr/local/var/rbenv/versions/2.1.2/lib/ruby/gems/2.1.0/gems/web-console-2.2.1/lib/web_console/templates/error_page.js.erb within layouts/javascript (0.4ms)
  Rendered /usr/local/var/rbenv/versions/2.1.2/lib/ruby/gems/2.1.0/gems/web-console-2.2.1/lib/web_console/templates/index.html.erb (33.8ms)
  [1m[35mUser Load (1.2ms)[0m  SELECT "users".* FROM "users"


Started DELETE "/session" for ::1 at 2015-09-15 15:26:49 -0400
Processing by SessionsController#destroy as HTML
  Parameters: {"authenticity_token"=>"bQRS3MGMYn8vZUgQ2NcWJtSRkQBGclIubwys7Lwfa7TMVLeBLKQ8JNgqW1Cmm1EXnWUE61kRi3Qk081B0JQNsg=="}
  [1m[35mUser Load (0.5ms)[0m  SELECT  "users".* FROM "users" WHERE "users"."session_token" = $1 LIMIT 1  [["session_token", "hWeQik-L4XMvv-1gz8Mvvw"]]
  [1m[36mUser Load (0.3ms)[0m  [1mSELECT  "users".* FROM "users" WHERE "users"."session_token" = $1 LIMIT 1[0m  [["session_token", "xhy6_aQTGPmzLZq2sLf5Zg"]]
  [1m[35m (0.2ms)[0m  BEGIN
  [1m[36mSQL (0.4ms)[0m  [1mUPDATE "users" SET "session_token" = $1, "updated_at" = $2 WHERE "users"."id" = $3[0m  [["session_token", "xhy6_aQTGPmzLZq2sLf5Zg"], ["updated_at", "2015-09-15 19:26:49.241207"], ["id", 3]]
  [1m[35m (0.4ms)[0m  COMMIT
Redirected to http://localhost:3000/session/new
Completed 302 Found in 7ms (ActiveRecord: 1.7ms)


Started GET "/session/new" for ::1 at 2015-09-15 15:26:49 -0400
Processing by SessionsController#new as HTML
  Rendered sessions/new.html.erb within layouts/application (0.3ms)
  [1m[36mUser Load (0.4ms)[0m  [1mSELECT  "users".* FROM "users" WHERE "users"."session_token" IS NULL LIMIT 1[0m
  Rendered layouts/_errors.html.erb (0.1ms)
Completed 200 OK in 43ms (Views: 41.9ms | ActiveRecord: 0.4ms)


Started POST "/session" for ::1 at 2015-09-15 15:26:57 -0400
Processing by SessionsController#create as HTML
  Parameters: {"authenticity_token"=>"a0AhghijWtjXfNpDuVwjdRLSZoY6BzLPJxHyrcsXHiPKEMTf9YsEgyAzyQPHEGREWybzbSVk65VszpMAp5x4JQ==", "user"=>{"email"=>"arthur3@aa.io", "password"=>"[FILTERED]"}}
  [1m[35mUser Load (0.4ms)[0m  SELECT  "users".* FROM "users" WHERE "users"."email" = $1 LIMIT 1  [["email", "arthur3@aa.io"]]
  Rendered sessions/new.html.erb within layouts/application (0.2ms)
  [1m[36mUser Load (0.4ms)[0m  [1mSELECT  "users".* FROM "users" WHERE "users"."session_token" IS NULL LIMIT 1[0m
  Rendered layouts/_errors.html.erb (0.1ms)
Completed 200 OK in 39ms (Views: 36.8ms | ActiveRecord: 0.9ms)


Started GET "/users/new" for ::1 at 2015-09-15 15:27:03 -0400
Processing by UsersController#new as HTML
  [1m[35mUser Load (0.3ms)[0m  SELECT  "users".* FROM "users" WHERE "users"."session_token" = $1 LIMIT 1  [["session_token", "RzDQydr4wfcvVI8moj0Pww"]]
  Rendered users/new.html.erb within layouts/application (0.2ms)
  [1m[36mUser Load (0.7ms)[0m  [1mSELECT  "users".* FROM "users" WHERE "users"."session_token" IS NULL LIMIT 1[0m
  Rendered layouts/_errors.html.erb (0.1ms)
Completed 200 OK in 40ms (Views: 37.9ms | ActiveRecord: 1.0ms)


Started POST "/users" for ::1 at 2015-09-15 15:27:11 -0400
Processing by UsersController#create as HTML
  Parameters: {"authenticity_token"=>"AjIoONrq0OyJWDvdBGdJnFjDAXBKbJ32zuhoXFJlE92jYs1lN8KOt34XKJ16Kw6tETeUm1UPRKyFNwnxPu512w==", "user"=>{"email"=>"arthur3@aa.io", "password"=>"[FILTERED]"}}
  [1m[35mUser Load (0.4ms)[0m  SELECT  "users".* FROM "users" WHERE "users"."session_token" = $1 LIMIT 1  [["session_token", "m7KAjyN0ehKrVMDE63NVXA"]]
  [1m[36m (0.1ms)[0m  [1mBEGIN[0m
  [1m[35mSQL (0.3ms)[0m  INSERT INTO "users" ("password_digest", "email", "session_token", "created_at", "updated_at") VALUES ($1, $2, $3, $4, $5) RETURNING "id"  [["password_digest", "$2a$10$EnTPGd4r24KgE3hlqABAX.S6PfpaAW9DYfcl1ijj6RFCdVNh7q/Ra"], ["email", "arthur3@aa.io"], ["session_token", "m7KAjyN0ehKrVMDE63NVXA"], ["created_at", "2015-09-15 19:27:11.918429"], ["updated_at", "2015-09-15 19:27:11.918429"]]
  [1m[36m (0.4ms)[0m  [1mCOMMIT[0m
  [1m[35mUser Load (0.2ms)[0m  SELECT  "users".* FROM "users" WHERE "users"."session_token" = $1 LIMIT 1  [["session_token", "ugrjU7aPy_8fUggy9sXadQ"]]
  [1m[36m (0.1ms)[0m  [1mBEGIN[0m
  [1m[35mSQL (0.2ms)[0m  UPDATE "users" SET "session_token" = $1, "updated_at" = $2 WHERE "users"."id" = $3  [["session_token", "ugrjU7aPy_8fUggy9sXadQ"], ["updated_at", "2015-09-15 19:27:11.921565"], ["id", 4]]
  [1m[36m (0.4ms)[0m  [1mCOMMIT[0m
Redirected to http://localhost:3000/users/4
Completed 302 Found in 82ms (ActiveRecord: 2.2ms)


Started GET "/users/4" for ::1 at 2015-09-15 15:27:11 -0400
Processing by UsersController#show as HTML
  Parameters: {"id"=>"4"}
  [1m[35mUser Load (0.3ms)[0m  SELECT  "users".* FROM "users" WHERE "users"."id" = $1 LIMIT 1  [["id", 4]]
  Rendered users/show.html.erb within layouts/application (0.1ms)
  [1m[36mUser Load (0.4ms)[0m  [1mSELECT  "users".* FROM "users" WHERE "users"."session_token" = $1 LIMIT 1[0m  [["session_token", "ugrjU7aPy_8fUggy9sXadQ"]]
  Rendered layouts/_errors.html.erb (0.1ms)
Completed 200 OK in 37ms (Views: 35.5ms | ActiveRecord: 0.7ms)


Started DELETE "/session" for ::1 at 2015-09-15 15:27:16 -0400
Processing by SessionsController#destroy as HTML
  Parameters: {"authenticity_token"=>"FRaZATTo16vlv/E8gGNm9BGLU0dAJpaP+W4HRHqmsRy0Rnxc2cCJ8BLw4nz+LyHFWH/GrF9FT9WysWbpFi3XGg=="}
  [1m[35mUser Load (0.3ms)[0m  SELECT  "users".* FROM "users" WHERE "users"."session_token" = $1 LIMIT 1  [["session_token", "ugrjU7aPy_8fUggy9sXadQ"]]
  [1m[36mUser Load (0.2ms)[0m  [1mSELECT  "users".* FROM "users" WHERE "users"."session_token" = $1 LIMIT 1[0m  [["session_token", "DiQ5OSKRZM052ol-66Oezw"]]
  [1m[35m (0.1ms)[0m  BEGIN
  [1m[36mSQL (0.3ms)[0m  [1mUPDATE "users" SET "session_token" = $1, "updated_at" = $2 WHERE "users"."id" = $3[0m  [["session_token", "DiQ5OSKRZM052ol-66Oezw"], ["updated_at", "2015-09-15 19:27:16.767808"], ["id", 4]]
  [1m[35m (0.6ms)[0m  COMMIT
Redirected to http://localhost:3000/session/new
Completed 302 Found in 5ms (ActiveRecord: 1.4ms)


Started GET "/session/new" for ::1 at 2015-09-15 15:27:16 -0400
Processing by SessionsController#new as HTML
  Rendered sessions/new.html.erb within layouts/application (0.2ms)
  [1m[36mUser Load (0.4ms)[0m  [1mSELECT  "users".* FROM "users" WHERE "users"."session_token" IS NULL LIMIT 1[0m
  Rendered layouts/_errors.html.erb (0.1ms)
Completed 200 OK in 39ms (Views: 38.3ms | ActiveRecord: 0.4ms)
  [1m[36mActiveRecord::SchemaMigration Load (0.5ms)[0m  [1mSELECT "schema_migrations".* FROM "schema_migrations"[0m
Migrating to CreateBooks (20150915192758)
  [1m[35m (0.3ms)[0m  BEGIN
  [1m[36m (25.6ms)[0m  [1mCREATE TABLE "books" ("id" serial primary key, "title" character varying NOT NULL, "author_id" integer NOT NULL, "isbn" character varying, "created_at" timestamp NOT NULL, "updated_at" timestamp NOT NULL) [0m
  [1m[35m (1.0ms)[0m  CREATE  INDEX  "index_books_on_title" ON "books"  ("title")
  [1m[36m (1.2ms)[0m  [1mCREATE  INDEX  "index_books_on_author_id" ON "books"  ("author_id")[0m
  [1m[35m (1.0ms)[0m  CREATE  INDEX  "index_books_on_isbn" ON "books"  ("isbn")
  [1m[36mSQL (0.4ms)[0m  [1mINSERT INTO "schema_migrations" ("version") VALUES ($1)[0m  [["version", "20150915192758"]]
  [1m[35m (17.1ms)[0m  COMMIT
Migrating to CreateAuthors (20150915193806)
  [1m[36m (0.4ms)[0m  [1mBEGIN[0m
  [1m[35m (4.9ms)[0m  CREATE TABLE "authors" ("id" serial primary key, "name" character varying, "created_at" timestamp NOT NULL, "updated_at" timestamp NOT NULL) 
  [1m[36m (1.0ms)[0m  [1mCREATE  INDEX  "index_authors_on_name" ON "authors"  ("name")[0m
  [1m[35mSQL (0.2ms)[0m  INSERT INTO "schema_migrations" ("version") VALUES ($1)  [["version", "20150915193806"]]
  [1m[36m (0.5ms)[0m  [1mCOMMIT[0m
  [1m[35mActiveRecord::SchemaMigration Load (0.4ms)[0m  SELECT "schema_migrations".* FROM "schema_migrations"
  [1m[36m (4.1ms)[0m  [1mSELECT t2.oid::regclass::text AS to_table, a1.attname AS column, a2.attname AS primary_key, c.conname AS name, c.confupdtype AS on_update, c.confdeltype AS on_delete
FROM pg_constraint c
JOIN pg_class t1 ON c.conrelid = t1.oid
JOIN pg_class t2 ON c.confrelid = t2.oid
JOIN pg_attribute a1 ON a1.attnum = c.conkey[1] AND a1.attrelid = t1.oid
JOIN pg_attribute a2 ON a2.attnum = c.confkey[1] AND a2.attrelid = t2.oid
JOIN pg_namespace t3 ON c.connamespace = t3.oid
WHERE c.contype = 'f'
  AND t1.relname = 'authors'
  AND t3.nspname = ANY (current_schemas(false))
ORDER BY c.conname
[0m
  [1m[35m (3.5ms)[0m  SELECT t2.oid::regclass::text AS to_table, a1.attname AS column, a2.attname AS primary_key, c.conname AS name, c.confupdtype AS on_update, c.confdeltype AS on_delete
FROM pg_constraint c
JOIN pg_class t1 ON c.conrelid = t1.oid
JOIN pg_class t2 ON c.confrelid = t2.oid
JOIN pg_attribute a1 ON a1.attnum = c.conkey[1] AND a1.attrelid = t1.oid
JOIN pg_attribute a2 ON a2.attnum = c.confkey[1] AND a2.attrelid = t2.oid
JOIN pg_namespace t3 ON c.connamespace = t3.oid
WHERE c.contype = 'f'
  AND t1.relname = 'books'
  AND t3.nspname = ANY (current_schemas(false))
ORDER BY c.conname

  [1m[36m (3.9ms)[0m  [1mSELECT t2.oid::regclass::text AS to_table, a1.attname AS column, a2.attname AS primary_key, c.conname AS name, c.confupdtype AS on_update, c.confdeltype AS on_delete
FROM pg_constraint c
JOIN pg_class t1 ON c.conrelid = t1.oid
JOIN pg_class t2 ON c.confrelid = t2.oid
JOIN pg_attribute a1 ON a1.attnum = c.conkey[1] AND a1.attrelid = t1.oid
JOIN pg_attribute a2 ON a2.attnum = c.confkey[1] AND a2.attrelid = t2.oid
JOIN pg_namespace t3 ON c.connamespace = t3.oid
WHERE c.contype = 'f'
  AND t1.relname = 'users'
  AND t3.nspname = ANY (current_schemas(false))
ORDER BY c.conname
[0m
  [1m[36mBook Load (1.7ms)[0m  [1mSELECT "books".* FROM "books"[0m
